0 info it worked if it ends with ok
1 verbose cli [ 'D:\\Program Files\\nodejs\\node.exe',
1 verbose cli   'D:\\Program Files\\nodejs\\node_modules\\npm\\bin\\npm-cli.js',
1 verbose cli   'run',
1 verbose cli   'dev' ]
2 info using npm@3.10.10
3 info using node@v6.11.2
4 verbose run-script [ 'predev', 'dev', 'postdev' ]
5 info lifecycle knowledge-hierarchy@1.0.0~predev: knowledge-hierarchy@1.0.0
6 silly lifecycle knowledge-hierarchy@1.0.0~predev: no script for predev, continuing
7 info lifecycle knowledge-hierarchy@1.0.0~dev: knowledge-hierarchy@1.0.0
8 verbose lifecycle knowledge-hierarchy@1.0.0~dev: unsafe-perm in lifecycle true
9 verbose lifecycle knowledge-hierarchy@1.0.0~dev: PATH: D:\Program Files\nodejs\node_modules\npm\bin\node-gyp-bin;F:\project\knowledge-hierarchy\react\node_modules\.bin;F:\project\knowledge-hierarchy\node_modules\.bin;C:\Python27\;C:\Python27\Scripts;C:\Program Files (x86)\Intel\iCLS Client\;C:\Program Files\Intel\iCLS Client\;C:\WINDOWS\system32;C:\WINDOWS;C:\WINDOWS\System32\Wbem;C:\WINDOWS\System32\WindowsPowerShell\v1.0\;c:\Program Files (x86)\ATI Technologies\ATI.ACE\Core-Static;C:\Program Files (x86)\Intel\Intel(R) Management Engine Components\DAL;C:\Program Files\Intel\Intel(R) Management Engine Components\DAL;C:\Program Files (x86)\Intel\Intel(R) Management Engine Components\IPT;C:\Program Files\Intel\Intel(R) Management Engine Components\IPT;C:\Program Files\TortoiseSVN\bin;C:\Program Files\Git\cmd;C:\Users\4399-1068\AppData\Roaming\npm;D:\Program Files\nodejs\;C:\WINDOWS\System32\OpenSSH\;D:\Program Files (x86)\Microsoft VS Code\bin;D:\Program Files\mongodb\bin;C:\Ruby22-x64\bin;D:\Program Files\mongodb\bin;C:\Python27;D:\Program Files (x86)\Microsoft VS Code\bin;C:\Users\4399-1068\AppData\Roaming\npm;C:\Users\4399-1068\AppData\Local\Microsoft\WindowsApps;;C:\Users\4399-1068\AppData\Local\Programs\Fiddler;D:\Program Files (x86)\Fiddler;D:\Program Files (x86)\IntelliJ IDEA 2018.3.2\bin;
10 verbose lifecycle knowledge-hierarchy@1.0.0~dev: CWD: F:\project\knowledge-hierarchy\react
11 silly lifecycle knowledge-hierarchy@1.0.0~dev: Args: [ '/d /s /c',
11 silly lifecycle   'webpack-dev-server --config webpack.dev.js --open' ]
12 verbose stack Error: kill ENOSYS
12 verbose stack     at exports._errnoException (util.js:1020:11)
12 verbose stack     at process.kill (internal/process.js:190:13)
12 verbose stack     at process.listener (D:\Program Files\nodejs\node_modules\npm\node_modules\npmlog\node_modules\gauge\node_modules\signal-exit\index.js:86:15)
12 verbose stack     at emitNone (events.js:91:20)
12 verbose stack     at process.emit (events.js:185:7)
12 verbose stack     at processEmit (D:\Program Files\nodejs\node_modules\npm\node_modules\npmlog\node_modules\gauge\node_modules\signal-exit\index.js:146:32)
12 verbose stack     at processEmit (D:\Program Files\nodejs\node_modules\npm\node_modules\npm-registry-client\node_modules\npmlog\node_modules\gauge\node_modules\signal-exit\index.js:146:32)
12 verbose stack     at Signal.wrap.onsignal (internal/process.js:217:44)
13 verbose cwd F:\project\knowledge-hierarchy\react
14 error Windows_NT 10.0.17134
15 error argv "D:\\Program Files\\nodejs\\node.exe" "D:\\Program Files\\nodejs\\node_modules\\npm\\bin\\npm-cli.js" "run" "dev"
16 error node v6.11.2
17 error npm  v3.10.10
18 error code ENOSYS
19 error errno ENOSYS
20 error syscall kill
21 error kill ENOSYS
22 error If you need help, you may report this error at:
22 error     <https://github.com/npm/npm/issues>
23 verbose exit [ 1, true ]
